<?xml version="1.0" encoding="UTF-8"?>
<!-- Generated by org.testng.reporters.JUnitXMLReporter -->
<testsuite ignored="0" hostname="Xiaoxin-Pro13" failures="1" tests="2" name="Surefire test" time="20.944" errors="0" timestamp="2024-07-06T23:19:46 ICT">
  <testcase classname="io.cucumber.testng.AbstractTestNGCucumberTests" name="runScenario" time="18.81">
    <failure type="java.lang.AssertionError" message="expected [No data] but found [Beetroot]">
      <![CDATA[java.lang.AssertionError: expected [No data] but found [Beetroot]
at stepDefinitions.OfferPageStepdifinitions.validate_product_name_in_Offers_page(OfferPageStepdifinitions.java:51)
at ✽.validate product name in offers page matches with Landing page(file:///C:/Users/Anh%20Thu/eclipse-workspace/CucumberFramework/src/test/java/features/searchProduct.feature:8)
... Removed 6 stack frames]]>
    </failure>
  </testcase> <!-- runScenario -->
  <testcase classname="io.cucumber.testng.AbstractTestNGCucumberTests" name="runScenario" time="19.349"/>
</testsuite> <!-- Surefire test -->
