<?xml version="1.0" encoding="UTF-8"?>
<!-- Generated by org.testng.reporters.JUnitReportReporter -->
<testsuite hostname="Xiaoxin-Pro13" failures="1" tests="1" name="cucumberOptions.FailedTestRunner" time="13.822" errors="0" timestamp="2024-07-02T18:23:02 ICT" skipped="0">
  <testcase classname="cucumberOptions.FailedTestRunner" name="runScenario" time="13.822">
    <failure message="expected [No data] but found [Beetroot]" type="java.lang.AssertionError">
      <![CDATA[java.lang.AssertionError: expected [No data] but found [Beetroot]
at org.testng.Assert.fail(Assert.java:111)
at org.testng.Assert.failNotEquals(Assert.java:1578)
at org.testng.Assert.assertEqualsImpl(Assert.java:150)
at org.testng.Assert.assertEquals(Assert.java:132)
at org.testng.Assert.assertEquals(Assert.java:656)
at org.testng.Assert.assertEquals(Assert.java:666)
at stepDefinitions.OfferPageStepdifinitions.validate_product_name_in_Offers_page(OfferPageStepdifinitions.java:51)
at ✽.validate product name in offers page matches with Landing page(file:///C:/Users/Anh%20Thu/eclipse-workspace/CucumberFramework/src/test/java/features/searchProduct.feature:8)
]]>
    </failure>
  </testcase> <!-- runScenario -->
</testsuite> <!-- cucumberOptions.FailedTestRunner -->
